2020-11-12 14:04:43,788 - DEBUG - INA219 Bus Voltage: 5.168 V
2020-11-12 14:04:43,790 - DEBUG - INA219 Bus Current: 681.171 mA
2020-11-12 14:04:43,791 - DEBUG - INA219 Power: 3951.220 mW
2020-11-12 14:04:43,793 - DEBUG - INA219 Shunt voltage: 34.630 mV
2020-11-12 14:05:43,859 - DEBUG - INA219 Bus Voltage: 5.172 V
2020-11-12 14:05:43,863 - DEBUG - INA219 Bus Current: 495.780 mA
2020-11-12 14:05:43,867 - DEBUG - INA219 Power: 2745.366 mW
2020-11-12 14:05:43,872 - DEBUG - INA219 Shunt voltage: 27.470 mV
2020-11-12 14:06:43,939 - DEBUG - INA219 Bus Voltage: 5.176 V
2020-11-12 14:06:43,944 - DEBUG - INA219 Bus Current: 541.976 mA
2020-11-12 14:06:43,947 - DEBUG - INA219 Power: 2728.780 mW
2020-11-12 14:06:43,951 - DEBUG - INA219 Shunt voltage: 27.420 mV
python3: can't open file '/home/pdsilva/bin/demo.py': [Errno 2] No such file or directory
python3: can't open file '/home/pdsilva/bin/fan.py': [Errno 2] No such file or directory
Traceback (most recent call last):
  File "/home/pdsilva/scripts/pisca.py", line 13, in <module>
    gpio.setup(18, gpio.OUT)
RuntimeError: No access to /dev/mem.  Try running as root!
Traceback (most recent call last):
  File "/home/pdsilva/scripts/pisca.py", line 13, in <module>
    gpio.setup(18, gpio.OUT)
RuntimeError: No access to /dev/mem.  Try running as root!
Traceback (most recent call last):
  File "/home/pdsilva/scripts/demo.py", line 1, in <module>
    from ina219 import INA219
ModuleNotFoundError: No module named 'ina219'
46.251
45.277
45.277
45.764
44.79
45.764
46.738
46.251
45.277
44.79
45.277
44.79
45.277
44.79
45.277
44.303
44.79
45.277
44.79
44.303
43.816
45.764
44.303
45.764
45.277
44.303
44.303
44.303
44.79
44.79
44.79
44.303
44.303
44.79
45.277
44.79
44.79
45.277
44.303
44.79
45.277
44.79
44.303
43.816
44.79
44.303
42.842
44.303
45.277
44.79
44.303
44.303
44.303
46.251
46.251
44.79
44.79
45.277
44.79
44.79
44.303
45.277
46.251
45.764
45.764
43.816
44.303
45.277
45.277
45.764
46.738
44.79
42.842
45.277
43.329
43.329
42.842
43.329
43.816
44.303
43.329
44.303
44.79
42.842
42.355
41.868
43.329
42.355
43.329
42.842
42.355
42.842
42.842
41.868
42.842
42.842
42.355
43.329
42.842
41.868
41.868
42.355
42.355
42.842
41.381
42.355
43.329
41.381
42.355
43.329
42.355
42.842
43.329
43.329
43.329
43.816
43.329
42.842
42.842
43.329
43.329
44.303
43.816
44.303
43.329
43.329
43.329
43.329
43.329
42.355
42.355
42.842
41.868
41.868
41.868
41.868
42.355
41.868
42.842
42.355
42.842
43.329
43.329
41.381
41.868
41.868
42.355
41.868
42.842
41.381
41.868
42.355
41.381
40.894
42.355
41.381
43.329
42.355
41.868
41.381
41.868
41.868
41.868
42.355
42.355
42.355
41.868
42.355
42.355
43.329
42.355
42.842
41.381
41.868
41.381
42.355
43.329
41.868
41.868
42.355
42.355
41.868
42.842
41.381
41.868
41.381
41.868
41.868
41.868
42.842
41.868
42.355
42.355
41.381
40.894
42.355
41.868
41.868
42.842
42.842
42.355
41.381
41.868
41.868
42.842
41.868
42.355
42.355
42.355
42.842
42.355
42.355
43.329
42.842
42.355
42.842
42.842
41.868
42.355
42.355
42.355
41.868
41.381
42.355
41.868
40.407
42.355
41.868
40.894
41.868
43.329
42.355
42.355
42.842
42.355
41.868
42.355
41.868
42.355
42.355
40.894
41.868
40.894
41.868
41.868
42.355
40.894
41.868
41.868
41.381
40.894
41.868
41.868
42.355
41.868
43.329
42.842
41.868
42.842
43.329
43.329
43.816
43.816
42.842
42.355
42.355
42.842
42.842
41.868
42.842
41.868
41.868
42.355
42.842
41.381
41.868
41.381
41.868
41.868
42.355
42.355
42.355
43.329
42.355
42.842
41.868
42.842
42.355
42.842
41.381
42.355
41.381
42.355
41.868
40.407
42.355
41.381
47.225
48.199
50.634
49.66
52.095
51.121
51.608
52.095
52.582
54.043
55.504
52.582
51.608
49.66
48.686
46.738
47.225
45.764
43.329
44.79
46.251
45.764
46.251
47.712
49.173
50.147
49.66
50.634
50.634
52.095
52.095
53.069
54.043
53.556
53.069
55.504
53.069
51.121
50.147
47.225
47.225
45.277
44.79
44.303
46.251
46.251
47.225
48.199
49.173
49.66
50.147
51.608
50.634
51.608
53.556
52.095
53.069
54.043
54.53
55.017
53.069
50.147
50.147
48.199
47.225
45.277
45.277
43.816
45.277
45.764
46.738
46.738
48.199
48.686
49.66
49.66
51.608
51.121
52.582
52.095
53.556
55.017
52.582
50.147
49.173
46.738
47.225
45.277
44.303
44.79
46.738
47.225
47.225
48.199
48.199
50.147
50.147
52.095
52.095
51.608
52.095
53.556
54.043
53.069
53.556
54.043
55.504
54.043
52.095
50.634
47.712
46.738
46.251
44.79
46.251
46.738
49.173
48.686
48.686
50.634
51.608
51.121
52.095
53.556
53.556
53.556
53.556
53.556
54.53
55.017
54.043
52.095
49.173
49.173
48.199
46.738
45.277
45.277
43.816
44.303
45.764
45.277
46.738
47.712
49.173
49.66
50.147
50.147
51.121
51.608
51.121
52.095
53.556
53.069
55.017
52.582
52.095
49.66
48.199
45.764
45.277
44.79
45.277
45.764
47.225
47.712
49.173
49.173
49.173
51.121
51.608
51.121
52.582
51.608
53.556
54.043
54.53
54.53
55.017
53.556
52.582
49.66
48.199
47.225
46.738
44.79
45.764
47.225
48.199
48.686
49.66
49.173
49.66
51.121
50.634
51.608
53.069
52.582
54.53
54.043
55.017
53.069
51.608
49.66
48.199
46.251
46.738
45.764
43.816
44.303
45.764
46.738
47.225
49.173
49.173
50.147
50.147
50.634
52.582
52.582
52.582
52.582
53.069
53.556
55.017
54.043
52.582
50.147
48.199
47.712
46.251
43.816
45.764
46.251
47.225
48.199
48.686
50.147
50.634
49.66
50.634
51.608
52.582
53.069
55.017
52.582
49.66
49.173
47.712
46.738
45.277
45.764
45.277
44.303
43.329
45.277
46.251
47.712
47.225
48.199
48.686
50.634
50.634
51.121
51.608
53.556
52.582
53.556
53.556
54.043
54.043
56.478
54.043
52.582
49.173
47.712
45.764
42.355
40.407
41.381
40.894
42.842
44.303
43.816
46.738
45.764
45.764
45.764
46.738
47.712
47.712
47.225
47.712
49.173
48.199
47.225
48.686
48.686
48.686
49.173
48.199
47.225
48.199
48.199
48.686
48.686
48.199
48.199
48.199
47.712
48.199
48.199
47.712
48.686
47.712
47.712
48.199
47.712
48.686
49.173
48.199
48.199
47.712
48.686
48.199
47.712
48.686
49.173
48.686
48.686
49.173
49.173
47.712
48.686
49.66
48.686
49.173
48.686
47.712
48.199
47.225
47.712
46.251
45.764
45.764
45.277
45.764
44.303
44.303
44.79
44.303
43.816
44.303
44.303
44.79
44.303
43.816
44.303
44.79
44.303
43.329
43.816
42.842
43.329
42.842
43.329
41.868
43.329
42.842
42.355
43.816
43.329
43.329
42.842
42.355
41.868
41.868
42.355
42.355
42.842
41.868
41.868
41.381
41.868
42.355
42.355
42.842
41.381
41.381
41.868
41.868
41.868
41.868
42.842
41.868
40.894
42.355
42.355
41.381
42.355
41.868
41.381
41.381
41.381
40.894
40.894
41.868
41.381
40.894
41.381
41.381
40.894
41.381
41.381
41.381
40.894
41.381
41.381
39.92
39.92
41.381
40.894
41.868
40.894
41.381
41.381
41.381
40.894
39.92
41.381
39.92
41.381
40.894
41.381
40.894
40.894
41.381
41.868
40.894
40.894
40.894
41.868
39.92
39.92
40.407
41.381
40.894
41.381
40.407
40.407
41.381
40.894
41.381
41.381
41.381
40.407
40.407
40.894
40.407
40.894
41.868
40.407
41.381
40.407
40.894
39.92
40.894
40.894
40.407
40.407
39.433
40.894
41.381
40.407
40.894
40.894
39.92
44.303
42.355
41.381
40.894
41.381
40.894
40.407
40.894
41.381
40.407
41.381
40.407
39.92
41.381
40.407
40.407
41.868
41.381
40.407
40.894
41.381
40.894
40.407
40.894
41.381
40.894
39.92
39.433
39.433
40.407
40.894
40.407
39.433
39.92
38.946
38.946
38.946
39.433
40.407
40.407
40.407
40.407
40.407
39.92
40.407
39.92
39.92
39.92
39.433
39.92
39.433
39.92
40.407
39.433
39.433
39.92
39.92
41.381
40.407
40.407
40.407
39.92
39.92
39.92
40.407
40.407
40.894
41.381
39.92
40.894
39.433
39.92
39.92
39.92
40.407
40.407
39.92
39.433
39.92
40.894
40.407
39.433
39.433
39.433
40.407
39.92
40.407
39.433
39.433
39.92
40.407
40.407
40.407
40.407
39.433
39.92
39.433
39.92
40.407
40.407
39.92
39.92
38.946
40.407
39.92
39.433
39.92
39.92
40.894
40.407
40.894
39.92
40.407
39.92
40.407
39.92
38.946
39.92
38.946
39.92
39.433
39.92
40.407
39.92
40.407
38.946
40.407
39.433
39.92
40.894
40.407
39.433
40.894
39.92
39.433
39.92
39.433
39.92
39.92
40.407
40.407
39.92
39.92
41.381
40.407
40.894
41.381
40.894
40.894
40.407
41.381
41.381
40.894
41.381
41.381
40.894
40.894
42.355
40.894
40.407
40.894
40.894
40.894
40.407
40.894
41.868
40.407
39.92
40.894
41.381
40.407
40.407
41.381
40.894
40.407
40.407
41.381
40.894
40.894
40.894
40.894
40.407
40.894
40.894
42.355
41.381
41.381
40.407
40.894
40.894
40.894
40.894
40.407
40.407
41.868
41.868
42.355
42.355
42.842
42.842
42.842
42.355
43.329
42.842
42.842
41.868
41.868
42.355
40.894
41.381
42.355
41.381
41.381
41.868
41.868
40.894
42.355
41.381
41.381
41.868
41.868
42.355
41.381
40.894
40.894
40.894
41.381
42.355
41.868
40.894
41.381
41.868
40.894
41.868
41.381
41.868
41.381
41.868
42.355
40.894
43.816
43.329
44.79
47.712
43.816
45.277
45.764
45.277
45.764
45.277
44.303
45.764
46.251
45.764
46.738
46.738
45.764
46.251
46.738
46.738
47.225
47.712
47.225
46.251
46.251
49.173
48.686
49.173
47.712
46.738
49.66
49.173
47.225
50.147
48.686
48.199
49.66
48.686
50.147
49.66
49.66
51.608
50.634
50.634
50.634
49.66
50.147
48.199
49.173
47.712
49.173
49.173
49.173
52.095
51.121
49.66
50.147
49.173
50.147
50.634
49.66
50.147
48.686
52.582
52.095
49.173
49.66
48.199
49.173
48.686
50.634
48.686
50.634
50.147
48.686
50.147
49.66
49.66
48.686
50.147
49.173
50.147
50.147
49.66
50.147
53.069
52.582
54.043
52.095
51.121
50.634
50.147
49.173
50.147
50.147
50.147
51.121
51.608
51.121
53.556
51.121
52.095
51.608
51.608
52.095
51.608
52.582
53.556
53.069
52.582
52.095
51.608
51.608
53.069
53.556
53.556
54.53
53.556
53.069
53.556
52.582
53.556
55.017
52.582
50.147
48.686
44.303
43.329
46.738
45.764
48.686
44.79
47.225
47.225
47.225
48.199
48.199
49.173
50.147
50.147
49.66
50.147
50.634
49.66
51.121
48.686
47.712
51.121
52.582
50.634
50.147
48.686
52.095
52.582
52.095
52.095
53.556
54.53
54.043
52.582
53.556
53.556
51.608
50.634
50.147
49.173
49.173
48.686
49.66
49.173
49.173
47.712
48.686
